\BOOKMARK [0][-]{chapter.1}{\376\377\0001\000\040\000R\000A\000P\000I\000D\000O}{}% 1
\BOOKMARK [1][-]{section.1.1}{\376\377\0001\000.\0001\000\040\000R\000A\000P\000I\000D\000O\000\040\000T\000o\000o\000l\000s}{chapter.1}% 2
\BOOKMARK [1][-]{section.1.2}{\376\377\0001\000.\0002\000\040\000S\000e\000t\000\040\000U\000p\000\040\000I\000n\000s\000t\000r\000u\000c\000t\000i\000o\000n\000s}{chapter.1}% 3
\BOOKMARK [1][-]{section.1.3}{\376\377\0001\000.\0003\000\040\000E\000x\000a\000m\000p\000l\000e\000s}{chapter.1}% 4
\BOOKMARK [0][-]{chapter.2}{\376\377\0002\000\040\000H\000i\000e\000r\000a\000r\000c\000h\000i\000c\000a\000l\000\040\000I\000n\000d\000e\000x}{}% 5
\BOOKMARK [1][-]{section.2.1}{\376\377\0002\000.\0001\000\040\000C\000l\000a\000s\000s\000\040\000H\000i\000e\000r\000a\000r\000c\000h\000y}{chapter.2}% 6
\BOOKMARK [0][-]{chapter.3}{\376\377\0003\000\040\000C\000l\000a\000s\000s\000\040\000I\000n\000d\000e\000x}{}% 7
\BOOKMARK [1][-]{section.3.1}{\376\377\0003\000.\0001\000\040\000C\000l\000a\000s\000s\000\040\000L\000i\000s\000t}{chapter.3}% 8
\BOOKMARK [0][-]{chapter.4}{\376\377\0004\000\040\000F\000i\000l\000e\000\040\000I\000n\000d\000e\000x}{}% 9
\BOOKMARK [1][-]{section.4.1}{\376\377\0004\000.\0001\000\040\000F\000i\000l\000e\000\040\000L\000i\000s\000t}{chapter.4}% 10
\BOOKMARK [0][-]{chapter.5}{\376\377\0005\000\040\000C\000l\000a\000s\000s\000\040\000D\000o\000c\000u\000m\000e\000n\000t\000a\000t\000i\000o\000n}{}% 11
\BOOKMARK [1][-]{section.5.1}{\376\377\0005\000.\0001\000\040\000A\000r\000b\000o\000l\000\040\000C\000l\000a\000s\000s\000\040\000R\000e\000f\000e\000r\000e\000n\000c\000e}{chapter.5}% 12
\BOOKMARK [2][-]{subsection.5.1.1}{\376\377\0005\000.\0001\000.\0001\000\040\000D\000e\000t\000a\000i\000l\000e\000d\000\040\000D\000e\000s\000c\000r\000i\000p\000t\000i\000o\000n}{section.5.1}% 13
\BOOKMARK [2][-]{subsection.5.1.2}{\376\377\0005\000.\0001\000.\0002\000\040\000C\000o\000n\000s\000t\000r\000u\000c\000t\000o\000r\000\040\000\046\000\040\000D\000e\000s\000t\000r\000u\000c\000t\000o\000r\000\040\000D\000o\000c\000u\000m\000e\000n\000t\000a\000t\000i\000o\000n}{section.5.1}% 14
\BOOKMARK [3][-]{subsubsection.5.1.2.1}{\376\377\0005\000.\0001\000.\0002\000.\0001\000\040\000A\000r\000b\000o\000l\000\050\000\051\000\040\000[\0001\000/\0002\000]}{subsection.5.1.2}% 15
\BOOKMARK [3][-]{subsubsection.5.1.2.2}{\376\377\0005\000.\0001\000.\0002\000.\0002\000\040\000A\000r\000b\000o\000l\000\050\000\051\000\040\000[\0002\000/\0002\000]}{subsection.5.1.2}% 16
\BOOKMARK [3][-]{subsubsection.5.1.2.3}{\376\377\0005\000.\0001\000.\0002\000.\0003\000\040\000\040\000A\000r\000b\000o\000l\000\050\000\051}{subsection.5.1.2}% 17
\BOOKMARK [2][-]{subsection.5.1.3}{\376\377\0005\000.\0001\000.\0003\000\040\000M\000e\000m\000b\000e\000r\000\040\000F\000u\000n\000c\000t\000i\000o\000n\000\040\000D\000o\000c\000u\000m\000e\000n\000t\000a\000t\000i\000o\000n}{section.5.1}% 18
\BOOKMARK [3][-]{subsubsection.5.1.3.1}{\376\377\0005\000.\0001\000.\0003\000.\0001\000\040\000a\000p\000p\000e\000n\000d\000T\000o\000V\000e\000c\000L\000e\000a\000f\000\050\000\051}{subsection.5.1.3}% 19
\BOOKMARK [3][-]{subsubsection.5.1.3.2}{\376\377\0005\000.\0001\000.\0003\000.\0002\000\040\000f\000i\000l\000l\000T\000T\000r\000e\000e\000\050\000\051}{subsection.5.1.3}% 20
\BOOKMARK [3][-]{subsubsection.5.1.3.3}{\376\377\0005\000.\0001\000.\0003\000.\0003\000\040\000g\000e\000t\000B\000r\000a\000n\000c\000h\000\050\000\051}{subsection.5.1.3}% 21
\BOOKMARK [3][-]{subsubsection.5.1.3.4}{\376\377\0005\000.\0001\000.\0003\000.\0004\000\040\000g\000e\000t\000L\000e\000a\000f\000\050\000\051}{subsection.5.1.3}% 22
\BOOKMARK [3][-]{subsubsection.5.1.3.5}{\376\377\0005\000.\0001\000.\0003\000.\0005\000\040\000g\000e\000t\000V\000e\000c\000L\000e\000a\000f\000\050\000\051}{subsection.5.1.3}% 23
\BOOKMARK [3][-]{subsubsection.5.1.3.6}{\376\377\0005\000.\0001\000.\0003\000.\0006\000\040\000i\000n\000s\000e\000r\000t\000I\000n\000t\000o\000V\000e\000c\000L\000e\000a\000f\000\050\000\051}{subsection.5.1.3}% 24
\BOOKMARK [3][-]{subsubsection.5.1.3.7}{\376\377\0005\000.\0001\000.\0003\000.\0007\000\040\000n\000e\000w\000B\000r\000a\000n\000c\000h\000\050\000\051\000\040\000[\0001\000/\0002\000]}{subsection.5.1.3}% 25
\BOOKMARK [3][-]{subsubsection.5.1.3.8}{\376\377\0005\000.\0001\000.\0003\000.\0008\000\040\000n\000e\000w\000B\000r\000a\000n\000c\000h\000\050\000\051\000\040\000[\0002\000/\0002\000]}{subsection.5.1.3}% 26
\BOOKMARK [3][-]{subsubsection.5.1.3.9}{\376\377\0005\000.\0001\000.\0003\000.\0009\000\040\000n\000e\000w\000V\000e\000c\000B\000r\000a\000n\000c\000h\000\050\000\051\000\040\000[\0001\000/\0002\000]}{subsection.5.1.3}% 27
\BOOKMARK [3][-]{subsubsection.5.1.3.10}{\376\377\0005\000.\0001\000.\0003\000.\0001\0000\000\040\000n\000e\000w\000V\000e\000c\000B\000r\000a\000n\000c\000h\000\050\000\051\000\040\000[\0002\000/\0002\000]}{subsection.5.1.3}% 28
\BOOKMARK [3][-]{subsubsection.5.1.3.11}{\376\377\0005\000.\0001\000.\0003\000.\0001\0001\000\040\000p\000r\000e\000p\000e\000n\000d\000T\000o\000V\000e\000c\000L\000e\000a\000f\000\050\000\051}{subsection.5.1.3}% 29
\BOOKMARK [3][-]{subsubsection.5.1.3.12}{\376\377\0005\000.\0001\000.\0003\000.\0001\0002\000\040\000r\000e\000s\000e\000t\000B\000r\000a\000n\000c\000h\000e\000s\000\050\000\051}{subsection.5.1.3}% 30
\BOOKMARK [3][-]{subsubsection.5.1.3.13}{\376\377\0005\000.\0001\000.\0003\000.\0001\0003\000\040\000s\000e\000t\000B\000r\000a\000n\000c\000h\000R\000e\000s\000e\000t\000V\000a\000l\000u\000e\000\050\000\051}{subsection.5.1.3}% 31
\BOOKMARK [3][-]{subsubsection.5.1.3.14}{\376\377\0005\000.\0001\000.\0003\000.\0001\0004\000\040\000s\000e\000t\000L\000e\000a\000f\000\050\000\051}{subsection.5.1.3}% 32
\BOOKMARK [3][-]{subsubsection.5.1.3.15}{\376\377\0005\000.\0001\000.\0003\000.\0001\0005\000\040\000s\000e\000t\000V\000e\000c\000B\000r\000a\000n\000c\000h\000R\000e\000s\000e\000t\000V\000a\000l\000u\000e\000\050\000\051}{subsection.5.1.3}% 33
\BOOKMARK [3][-]{subsubsection.5.1.3.16}{\376\377\0005\000.\0001\000.\0003\000.\0001\0006\000\040\000s\000e\000t\000V\000e\000c\000L\000e\000a\000f\000\050\000\051}{subsection.5.1.3}% 34
\BOOKMARK [3][-]{subsubsection.5.1.3.17}{\376\377\0005\000.\0001\000.\0003\000.\0001\0007\000\040\000s\000o\000r\000t\000V\000e\000c\000L\000e\000a\000f\000\050\000\051}{subsection.5.1.3}% 35
\BOOKMARK [3][-]{subsubsection.5.1.3.18}{\376\377\0005\000.\0001\000.\0003\000.\0001\0008\000\040\000w\000r\000i\000t\000e\000T\000F\000i\000l\000e\000\050\000\051}{subsection.5.1.3}% 36
\BOOKMARK [2][-]{subsection.5.1.4}{\376\377\0005\000.\0001\000.\0004\000\040\000M\000e\000m\000b\000e\000r\000\040\000D\000a\000t\000a\000\040\000D\000o\000c\000u\000m\000e\000n\000t\000a\000t\000i\000o\000n}{section.5.1}% 37
\BOOKMARK [3][-]{subsubsection.5.1.4.1}{\376\377\0005\000.\0001\000.\0004\000.\0001\000\040\000b\000r\000a\000n\000c\000h\000\137\000r\000e\000s\000e\000t\000t\000e\000r\000s}{subsection.5.1.4}% 38
\BOOKMARK [3][-]{subsubsection.5.1.4.2}{\376\377\0005\000.\0001\000.\0004\000.\0002\000\040\000b\000r\000a\000n\000c\000h\000e\000s}{subsection.5.1.4}% 39
\BOOKMARK [3][-]{subsubsection.5.1.4.3}{\376\377\0005\000.\0001\000.\0004\000.\0003\000\040\000t\000f\000i\000l\000e}{subsection.5.1.4}% 40
\BOOKMARK [3][-]{subsubsection.5.1.4.4}{\376\377\0005\000.\0001\000.\0004\000.\0004\000\040\000t\000t\000r\000e\000e}{subsection.5.1.4}% 41
\BOOKMARK [1][-]{section.5.2}{\376\377\0005\000.\0002\000\040\000B\000r\000a\000n\000c\000h\000<\000\040\000T\000y\000p\000e\000\040\000>\000\040\000C\000l\000a\000s\000s\000\040\000T\000e\000m\000p\000l\000a\000t\000e\000\040\000R\000e\000f\000e\000r\000e\000n\000c\000e}{chapter.5}% 42
\BOOKMARK [2][-]{subsection.5.2.1}{\376\377\0005\000.\0002\000.\0001\000\040\000D\000e\000t\000a\000i\000l\000e\000d\000\040\000D\000e\000s\000c\000r\000i\000p\000t\000i\000o\000n}{section.5.2}% 43
\BOOKMARK [2][-]{subsection.5.2.2}{\376\377\0005\000.\0002\000.\0002\000\040\000C\000o\000n\000s\000t\000r\000u\000c\000t\000o\000r\000\040\000\046\000\040\000D\000e\000s\000t\000r\000u\000c\000t\000o\000r\000\040\000D\000o\000c\000u\000m\000e\000n\000t\000a\000t\000i\000o\000n}{section.5.2}% 44
\BOOKMARK [3][-]{subsubsection.5.2.2.1}{\376\377\0005\000.\0002\000.\0002\000.\0001\000\040\000B\000r\000a\000n\000c\000h\000\050\000\051\000\040\000[\0001\000/\0002\000]}{subsection.5.2.2}% 45
\BOOKMARK [3][-]{subsubsection.5.2.2.2}{\376\377\0005\000.\0002\000.\0002\000.\0002\000\040\000B\000r\000a\000n\000c\000h\000\050\000\051\000\040\000[\0002\000/\0002\000]}{subsection.5.2.2}% 46
\BOOKMARK [1][-]{section.5.3}{\376\377\0005\000.\0003\000\040\000U\000t\000i\000l\000i\000t\000i\000e\000s\000:\000:\000C\000S\000V\000F\000i\000l\000e\000\040\000C\000l\000a\000s\000s\000\040\000R\000e\000f\000e\000r\000e\000n\000c\000e}{chapter.5}% 47
\BOOKMARK [2][-]{subsection.5.3.1}{\376\377\0005\000.\0003\000.\0001\000\040\000D\000e\000t\000a\000i\000l\000e\000d\000\040\000D\000e\000s\000c\000r\000i\000p\000t\000i\000o\000n}{section.5.3}% 48
\BOOKMARK [2][-]{subsection.5.3.2}{\376\377\0005\000.\0003\000.\0002\000\040\000C\000o\000n\000s\000t\000r\000u\000c\000t\000o\000r\000\040\000\046\000\040\000D\000e\000s\000t\000r\000u\000c\000t\000o\000r\000\040\000D\000o\000c\000u\000m\000e\000n\000t\000a\000t\000i\000o\000n}{section.5.3}% 49
\BOOKMARK [3][-]{subsubsection.5.3.2.1}{\376\377\0005\000.\0003\000.\0002\000.\0001\000\040\000C\000S\000V\000F\000i\000l\000e\000\050\000\051}{subsection.5.3.2}% 50
\BOOKMARK [3][-]{subsubsection.5.3.2.2}{\376\377\0005\000.\0003\000.\0002\000.\0002\000\040\000\040\000C\000S\000V\000F\000i\000l\000e\000\050\000\051}{subsection.5.3.2}% 51
\BOOKMARK [2][-]{subsection.5.3.3}{\376\377\0005\000.\0003\000.\0003\000\040\000M\000e\000m\000b\000e\000r\000\040\000F\000u\000n\000c\000t\000i\000o\000n\000\040\000D\000o\000c\000u\000m\000e\000n\000t\000a\000t\000i\000o\000n}{section.5.3}% 52
\BOOKMARK [3][-]{subsubsection.5.3.3.1}{\376\377\0005\000.\0003\000.\0003\000.\0001\000\040\000c\000l\000o\000n\000e\000\050\000\051}{subsection.5.3.3}% 53
\BOOKMARK [3][-]{subsubsection.5.3.3.2}{\376\377\0005\000.\0003\000.\0003\000.\0002\000\040\000p\000u\000s\000h\000C\000o\000l\000\050\000\051}{subsection.5.3.3}% 54
\BOOKMARK [3][-]{subsubsection.5.3.3.3}{\376\377\0005\000.\0003\000.\0003\000.\0003\000\040\000w\000r\000i\000t\000e\000R\000o\000w\000\050\000\051}{subsection.5.3.3}% 55
\BOOKMARK [2][-]{subsection.5.3.4}{\376\377\0005\000.\0003\000.\0004\000\040\000M\000e\000m\000b\000e\000r\000\040\000D\000a\000t\000a\000\040\000D\000o\000c\000u\000m\000e\000n\000t\000a\000t\000i\000o\000n}{section.5.3}% 56
\BOOKMARK [3][-]{subsubsection.5.3.4.1}{\376\377\0005\000.\0003\000.\0004\000.\0001\000\040\000b\000u\000f\000f\000e\000r}{subsection.5.3.4}% 57
\BOOKMARK [3][-]{subsubsection.5.3.4.2}{\376\377\0005\000.\0003\000.\0004\000.\0002\000\040\000h\000e\000a\000d\000e\000r\000s}{subsection.5.3.4}% 58
\BOOKMARK [3][-]{subsubsection.5.3.4.3}{\376\377\0005\000.\0003\000.\0004\000.\0003\000\040\000n\000a\000m\000e}{subsection.5.3.4}% 59
\BOOKMARK [3][-]{subsubsection.5.3.4.4}{\376\377\0005\000.\0003\000.\0004\000.\0004\000\040\000o\000f\000s\000t\000r\000e\000a\000m}{subsection.5.3.4}% 60
\BOOKMARK [1][-]{section.5.4}{\376\377\0005\000.\0004\000\040\000C\000u\000t\000\040\000C\000l\000a\000s\000s\000\040\000R\000e\000f\000e\000r\000e\000n\000c\000e}{chapter.5}% 61
\BOOKMARK [2][-]{subsection.5.4.1}{\376\377\0005\000.\0004\000.\0001\000\040\000D\000e\000t\000a\000i\000l\000e\000d\000\040\000D\000e\000s\000c\000r\000i\000p\000t\000i\000o\000n}{section.5.4}% 62
\BOOKMARK [2][-]{subsection.5.4.2}{\376\377\0005\000.\0004\000.\0002\000\040\000C\000o\000n\000s\000t\000r\000u\000c\000t\000o\000r\000\040\000\046\000\040\000D\000e\000s\000t\000r\000u\000c\000t\000o\000r\000\040\000D\000o\000c\000u\000m\000e\000n\000t\000a\000t\000i\000o\000n}{section.5.4}% 63
\BOOKMARK [3][-]{subsubsection.5.4.2.1}{\376\377\0005\000.\0004\000.\0002\000.\0001\000\040\000C\000u\000t\000\050\000\051\000\040\000[\0001\000/\0002\000]}{subsection.5.4.2}% 64
\BOOKMARK [3][-]{subsubsection.5.4.2.2}{\376\377\0005\000.\0004\000.\0002\000.\0002\000\040\000C\000u\000t\000\050\000\051\000\040\000[\0002\000/\0002\000]}{subsection.5.4.2}% 65
\BOOKMARK [2][-]{subsection.5.4.3}{\376\377\0005\000.\0004\000.\0003\000\040\000M\000e\000m\000b\000e\000r\000\040\000F\000u\000n\000c\000t\000i\000o\000n\000\040\000D\000o\000c\000u\000m\000e\000n\000t\000a\000t\000i\000o\000n}{section.5.4}% 66
\BOOKMARK [3][-]{subsubsection.5.4.3.1}{\376\377\0005\000.\0004\000.\0003\000.\0001\000\040\000g\000e\000t\000W\000e\000i\000g\000h\000t\000\050\000\051}{subsection.5.4.3}% 67
\BOOKMARK [3][-]{subsubsection.5.4.3.2}{\376\377\0005\000.\0004\000.\0003\000.\0002\000\040\000p\000r\000i\000n\000t\000\050\000\051}{subsection.5.4.3}% 68
\BOOKMARK [2][-]{subsection.5.4.4}{\376\377\0005\000.\0004\000.\0004\000\040\000M\000e\000m\000b\000e\000r\000\040\000D\000a\000t\000a\000\040\000D\000o\000c\000u\000m\000e\000n\000t\000a\000t\000i\000o\000n}{section.5.4}% 69
\BOOKMARK [3][-]{subsubsection.5.4.4.1}{\376\377\0005\000.\0004\000.\0004\000.\0001\000\040\000c\000o\000m\000p\000u\000t\000e\000\137\000w\000e\000i\000g\000h\000t}{subsection.5.4.4}% 70
\BOOKMARK [3][-]{subsubsection.5.4.4.2}{\376\377\0005\000.\0004\000.\0004\000.\0002\000\040\000e\000v\000a\000l\000u\000a\000t\000e}{subsection.5.4.4}% 71
\BOOKMARK [3][-]{subsubsection.5.4.4.3}{\376\377\0005\000.\0004\000.\0004\000.\0003\000\040\000l\000e\000f\000t}{subsection.5.4.4}% 72
\BOOKMARK [3][-]{subsubsection.5.4.4.4}{\376\377\0005\000.\0004\000.\0004\000.\0004\000\040\000n\000\137\000f\000a\000i\000l}{subsection.5.4.4}% 73
\BOOKMARK [3][-]{subsubsection.5.4.4.5}{\376\377\0005\000.\0004\000.\0004\000.\0005\000\040\000n\000\137\000f\000a\000i\000l\000\137\000w\000e\000i\000g\000h\000t\000e\000d}{subsection.5.4.4}% 74
\BOOKMARK [3][-]{subsubsection.5.4.4.6}{\376\377\0005\000.\0004\000.\0004\000.\0006\000\040\000n\000\137\000p\000a\000s\000s}{subsection.5.4.4}% 75
\BOOKMARK [3][-]{subsubsection.5.4.4.7}{\376\377\0005\000.\0004\000.\0004\000.\0007\000\040\000n\000\137\000p\000a\000s\000s\000\137\000w\000e\000i\000g\000h\000t\000e\000d}{subsection.5.4.4}% 76
\BOOKMARK [3][-]{subsubsection.5.4.4.8}{\376\377\0005\000.\0004\000.\0004\000.\0008\000\040\000n\000a\000m\000e}{subsection.5.4.4}% 77
\BOOKMARK [3][-]{subsubsection.5.4.4.9}{\376\377\0005\000.\0004\000.\0004\000.\0009\000\040\000p\000a\000r\000e\000n\000t}{subsection.5.4.4}% 78
\BOOKMARK [3][-]{subsubsection.5.4.4.10}{\376\377\0005\000.\0004\000.\0004\000.\0001\0000\000\040\000r\000i\000g\000h\000t}{subsection.5.4.4}% 79
\BOOKMARK [1][-]{section.5.5}{\376\377\0005\000.\0005\000\040\000C\000u\000t\000f\000l\000o\000w\000\040\000C\000l\000a\000s\000s\000\040\000R\000e\000f\000e\000r\000e\000n\000c\000e}{chapter.5}% 80
\BOOKMARK [2][-]{subsection.5.5.1}{\376\377\0005\000.\0005\000.\0001\000\040\000D\000e\000t\000a\000i\000l\000e\000d\000\040\000D\000e\000s\000c\000r\000i\000p\000t\000i\000o\000n}{section.5.5}% 81
\BOOKMARK [2][-]{subsection.5.5.2}{\376\377\0005\000.\0005\000.\0002\000\040\000C\000o\000n\000s\000t\000r\000u\000c\000t\000o\000r\000\040\000\046\000\040\000D\000e\000s\000t\000r\000u\000c\000t\000o\000r\000\040\000D\000o\000c\000u\000m\000e\000n\000t\000a\000t\000i\000o\000n}{section.5.5}% 82
\BOOKMARK [3][-]{subsubsection.5.5.2.1}{\376\377\0005\000.\0005\000.\0002\000.\0001\000\040\000C\000u\000t\000f\000l\000o\000w\000\050\000\051\000\040\000[\0001\000/\0003\000]}{subsection.5.5.2}% 83
\BOOKMARK [3][-]{subsubsection.5.5.2.2}{\376\377\0005\000.\0005\000.\0002\000.\0002\000\040\000C\000u\000t\000f\000l\000o\000w\000\050\000\051\000\040\000[\0002\000/\0003\000]}{subsection.5.5.2}% 84
\BOOKMARK [3][-]{subsubsection.5.5.2.3}{\376\377\0005\000.\0005\000.\0002\000.\0003\000\040\000C\000u\000t\000f\000l\000o\000w\000\050\000\051\000\040\000[\0003\000/\0003\000]}{subsection.5.5.2}% 85
\BOOKMARK [3][-]{subsubsection.5.5.2.4}{\376\377\0005\000.\0005\000.\0002\000.\0004\000\040\000\040\000C\000u\000t\000f\000l\000o\000w\000\050\000\051}{subsection.5.5.2}% 86
\BOOKMARK [2][-]{subsection.5.5.3}{\376\377\0005\000.\0005\000.\0003\000\040\000M\000e\000m\000b\000e\000r\000\040\000F\000u\000n\000c\000t\000i\000o\000n\000\040\000D\000o\000c\000u\000m\000e\000n\000t\000a\000t\000i\000o\000n}{section.5.5}% 87
\BOOKMARK [3][-]{subsubsection.5.5.3.1}{\376\377\0005\000.\0005\000.\0003\000.\0001\000\040\000f\000i\000n\000d\000T\000e\000r\000m\000i\000n\000u\000s\000\050\000\051}{subsection.5.5.3}% 88
\BOOKMARK [3][-]{subsubsection.5.5.3.2}{\376\377\0005\000.\0005\000.\0003\000.\0002\000\040\000g\000e\000t\000C\000u\000t\000\050\000\051}{subsection.5.5.3}% 89
\BOOKMARK [3][-]{subsubsection.5.5.3.3}{\376\377\0005\000.\0005\000.\0003\000.\0003\000\040\000i\000n\000s\000e\000r\000t\000\050\000\051}{subsection.5.5.3}% 90
\BOOKMARK [3][-]{subsubsection.5.5.3.4}{\376\377\0005\000.\0005\000.\0003\000.\0004\000\040\000p\000r\000i\000n\000t\000\050\000\051}{subsection.5.5.3}% 91
\BOOKMARK [3][-]{subsubsection.5.5.3.5}{\376\377\0005\000.\0005\000.\0003\000.\0005\000\040\000r\000e\000c\000u\000r\000s\000i\000v\000e\000D\000e\000l\000e\000t\000e\000\050\000\051}{subsection.5.5.3}% 92
\BOOKMARK [3][-]{subsubsection.5.5.3.6}{\376\377\0005\000.\0005\000.\0003\000.\0006\000\040\000r\000e\000c\000u\000r\000s\000i\000v\000e\000E\000v\000a\000l\000u\000a\000t\000e\000\050\000\051}{subsection.5.5.3}% 93
\BOOKMARK [3][-]{subsubsection.5.5.3.7}{\376\377\0005\000.\0005\000.\0003\000.\0007\000\040\000r\000e\000c\000u\000r\000s\000i\000v\000e\000F\000i\000n\000d\000T\000e\000r\000m\000i\000n\000u\000s\000\050\000\051}{subsection.5.5.3}% 94
\BOOKMARK [3][-]{subsubsection.5.5.3.8}{\376\377\0005\000.\0005\000.\0003\000.\0008\000\040\000r\000e\000c\000u\000r\000s\000i\000v\000e\000P\000r\000i\000n\000t\000\050\000\051}{subsection.5.5.3}% 95
\BOOKMARK [3][-]{subsubsection.5.5.3.9}{\376\377\0005\000.\0005\000.\0003\000.\0009\000\040\000r\000u\000n\000\050\000\051}{subsection.5.5.3}% 96
\BOOKMARK [3][-]{subsubsection.5.5.3.10}{\376\377\0005\000.\0005\000.\0003\000.\0001\0000\000\040\000r\000u\000n\000U\000n\000t\000i\000l\000\050\000\051}{subsection.5.5.3}% 97
\BOOKMARK [3][-]{subsubsection.5.5.3.11}{\376\377\0005\000.\0005\000.\0003\000.\0001\0001\000\040\000s\000e\000t\000R\000o\000o\000t\000\050\000\051}{subsection.5.5.3}% 98
\BOOKMARK [3][-]{subsubsection.5.5.3.12}{\376\377\0005\000.\0005\000.\0003\000.\0001\0002\000\040\000w\000r\000i\000t\000e\000C\000S\000V\000\050\000\051}{subsection.5.5.3}% 99
\BOOKMARK [2][-]{subsection.5.5.4}{\376\377\0005\000.\0005\000.\0004\000\040\000M\000e\000m\000b\000e\000r\000\040\000D\000a\000t\000a\000\040\000D\000o\000c\000u\000m\000e\000n\000t\000a\000t\000i\000o\000n}{section.5.5}% 100
\BOOKMARK [3][-]{subsubsection.5.5.4.1}{\376\377\0005\000.\0005\000.\0004\000.\0001\000\040\000c\000u\000t\000\137\000r\000e\000c\000o\000r\000d}{subsection.5.5.4}% 101
\BOOKMARK [3][-]{subsubsection.5.5.4.2}{\376\377\0005\000.\0005\000.\0004\000.\0002\000\040\000g\000l\000o\000b\000a\000l\000s}{subsection.5.5.4}% 102
\BOOKMARK [3][-]{subsubsection.5.5.4.3}{\376\377\0005\000.\0005\000.\0004\000.\0003\000\040\000n\000a\000m\000e}{subsection.5.5.4}% 103
\BOOKMARK [3][-]{subsubsection.5.5.4.4}{\376\377\0005\000.\0005\000.\0004\000.\0004\000\040\000r\000o\000o\000t}{subsection.5.5.4}% 104
\BOOKMARK [1][-]{section.5.6}{\376\377\0005\000.\0006\000\040\000U\000t\000i\000l\000i\000t\000i\000e\000s\000:\000:\000D\000y\000n\000a\000m\000i\000c\000\040\000C\000l\000a\000s\000s\000\040\000R\000e\000f\000e\000r\000e\000n\000c\000e}{chapter.5}% 105
\BOOKMARK [2][-]{subsection.5.6.1}{\376\377\0005\000.\0006\000.\0001\000\040\000D\000e\000t\000a\000i\000l\000e\000d\000\040\000D\000e\000s\000c\000r\000i\000p\000t\000i\000o\000n}{section.5.6}% 106
\BOOKMARK [2][-]{subsection.5.6.2}{\376\377\0005\000.\0006\000.\0002\000\040\000C\000o\000n\000s\000t\000r\000u\000c\000t\000o\000r\000\040\000\046\000\040\000D\000e\000s\000t\000r\000u\000c\000t\000o\000r\000\040\000D\000o\000c\000u\000m\000e\000n\000t\000a\000t\000i\000o\000n}{section.5.6}% 107
\BOOKMARK [3][-]{subsubsection.5.6.2.1}{\376\377\0005\000.\0006\000.\0002\000.\0001\000\040\000\040\000D\000y\000n\000a\000m\000i\000c\000\050\000\051}{subsection.5.6.2}% 108
\BOOKMARK [1][-]{section.5.7}{\376\377\0005\000.\0007\000\040\000H\000E\000P\000C\000L\000I\000\040\000C\000l\000a\000s\000s\000\040\000R\000e\000f\000e\000r\000e\000n\000c\000e}{chapter.5}% 109
\BOOKMARK [2][-]{subsection.5.7.1}{\376\377\0005\000.\0007\000.\0001\000\040\000D\000e\000t\000a\000i\000l\000e\000d\000\040\000D\000e\000s\000c\000r\000i\000p\000t\000i\000o\000n}{section.5.7}% 110
\BOOKMARK [2][-]{subsection.5.7.2}{\376\377\0005\000.\0007\000.\0002\000\040\000C\000o\000n\000s\000t\000r\000u\000c\000t\000o\000r\000\040\000\046\000\040\000D\000e\000s\000t\000r\000u\000c\000t\000o\000r\000\040\000D\000o\000c\000u\000m\000e\000n\000t\000a\000t\000i\000o\000n}{section.5.7}% 111
\BOOKMARK [3][-]{subsubsection.5.7.2.1}{\376\377\0005\000.\0007\000.\0002\000.\0001\000\040\000H\000E\000P\000C\000L\000I\000\050\000\051\000\040\000[\0001\000/\0002\000]}{subsection.5.7.2}% 112
\BOOKMARK [3][-]{subsubsection.5.7.2.2}{\376\377\0005\000.\0007\000.\0002\000.\0002\000\040\000H\000E\000P\000C\000L\000I\000\050\000\051\000\040\000[\0002\000/\0002\000]}{subsection.5.7.2}% 113
\BOOKMARK [2][-]{subsection.5.7.3}{\376\377\0005\000.\0007\000.\0003\000\040\000M\000e\000m\000b\000e\000r\000\040\000D\000a\000t\000a\000\040\000D\000o\000c\000u\000m\000e\000n\000t\000a\000t\000i\000o\000n}{section.5.7}% 114
\BOOKMARK [3][-]{subsubsection.5.7.3.1}{\376\377\0005\000.\0007\000.\0003\000.\0001\000\040\000i\000n\000p\000u\000t\000\137\000t\000c\000h\000a\000i\000n}{subsection.5.7.3}% 115
\BOOKMARK [3][-]{subsubsection.5.7.3.2}{\376\377\0005\000.\0007\000.\0003\000.\0002\000\040\000i\000n\000p\000u\000t\000\137\000t\000t\000r\000e\000e}{subsection.5.7.3}% 116
\BOOKMARK [3][-]{subsubsection.5.7.3.3}{\376\377\0005\000.\0007\000.\0003\000.\0003\000\040\000i\000s\000\137\000d\000a\000t\000a}{subsection.5.7.3}% 117
\BOOKMARK [3][-]{subsubsection.5.7.3.4}{\376\377\0005\000.\0007\000.\0003\000.\0004\000\040\000i\000s\000\137\000s\000i\000g\000n\000a\000l}{subsection.5.7.3}% 118
\BOOKMARK [3][-]{subsubsection.5.7.3.5}{\376\377\0005\000.\0007\000.\0003\000.\0005\000\040\000o\000u\000t\000p\000u\000t\000\137\000d\000i\000r}{subsection.5.7.3}% 119
\BOOKMARK [3][-]{subsubsection.5.7.3.6}{\376\377\0005\000.\0007\000.\0003\000.\0006\000\040\000o\000u\000t\000p\000u\000t\000\137\000n\000a\000m\000e}{subsection.5.7.3}% 120
\BOOKMARK [3][-]{subsubsection.5.7.3.7}{\376\377\0005\000.\0007\000.\0003\000.\0007\000\040\000s\000c\000a\000l\000e\000\137\000f\000a\000c\000t\000o\000r}{subsection.5.7.3}% 121
\BOOKMARK [3][-]{subsubsection.5.7.3.8}{\376\377\0005\000.\0007\000.\0003\000.\0008\000\040\000v\000e\000r\000b\000o\000s\000e}{subsection.5.7.3}% 122
\BOOKMARK [1][-]{section.5.8}{\376\377\0005\000.\0008\000\040\000H\000i\000s\000t\0001\000D\000<\000\040\000T\000y\000p\000e\0001\000D\000\040\000>\000\040\000C\000l\000a\000s\000s\000\040\000T\000e\000m\000p\000l\000a\000t\000e\000\040\000R\000e\000f\000e\000r\000e\000n\000c\000e}{chapter.5}% 123
\BOOKMARK [2][-]{subsection.5.8.1}{\376\377\0005\000.\0008\000.\0001\000\040\000D\000e\000t\000a\000i\000l\000e\000d\000\040\000D\000e\000s\000c\000r\000i\000p\000t\000i\000o\000n}{section.5.8}% 124
\BOOKMARK [2][-]{subsection.5.8.2}{\376\377\0005\000.\0008\000.\0002\000\040\000C\000o\000n\000s\000t\000r\000u\000c\000t\000o\000r\000\040\000\046\000\040\000D\000e\000s\000t\000r\000u\000c\000t\000o\000r\000\040\000D\000o\000c\000u\000m\000e\000n\000t\000a\000t\000i\000o\000n}{section.5.8}% 125
\BOOKMARK [3][-]{subsubsection.5.8.2.1}{\376\377\0005\000.\0008\000.\0002\000.\0001\000\040\000H\000i\000s\000t\0001\000D\000\050\000\051}{subsection.5.8.2}% 126
\BOOKMARK [3][-]{subsubsection.5.8.2.2}{\376\377\0005\000.\0008\000.\0002\000.\0002\000\040\000\040\000H\000i\000s\000t\0001\000D\000\050\000\051}{subsection.5.8.2}% 127
\BOOKMARK [2][-]{subsection.5.8.3}{\376\377\0005\000.\0008\000.\0003\000\040\000M\000e\000m\000b\000e\000r\000\040\000F\000u\000n\000c\000t\000i\000o\000n\000\040\000D\000o\000c\000u\000m\000e\000n\000t\000a\000t\000i\000o\000n}{section.5.8}% 128
\BOOKMARK [3][-]{subsubsection.5.8.3.1}{\376\377\0005\000.\0008\000.\0003\000.\0001\000\040\000c\000l\000o\000n\000e\000\050\000\051}{subsection.5.8.3}% 129
\BOOKMARK [3][-]{subsubsection.5.8.3.2}{\376\377\0005\000.\0008\000.\0003\000.\0002\000\040\000f\000i\000l\000l\000\050\000\051}{subsection.5.8.3}% 130
\BOOKMARK [3][-]{subsubsection.5.8.3.3}{\376\377\0005\000.\0008\000.\0003\000.\0003\000\040\000w\000r\000i\000t\000e\000\050\000\051}{subsection.5.8.3}% 131
\BOOKMARK [2][-]{subsection.5.8.4}{\376\377\0005\000.\0008\000.\0004\000\040\000M\000e\000m\000b\000e\000r\000\040\000D\000a\000t\000a\000\040\000D\000o\000c\000u\000m\000e\000n\000t\000a\000t\000i\000o\000n}{section.5.8}% 132
\BOOKMARK [3][-]{subsubsection.5.8.4.1}{\376\377\0005\000.\0008\000.\0004\000.\0001\000\040\000n\000a\000m\000e}{subsection.5.8.4}% 133
\BOOKMARK [1][-]{section.5.9}{\376\377\0005\000.\0009\000\040\000H\000i\000s\000t\0002\000D\000<\000\040\000T\000y\000p\000e\0002\000D\000\040\000>\000\040\000C\000l\000a\000s\000s\000\040\000T\000e\000m\000p\000l\000a\000t\000e\000\040\000R\000e\000f\000e\000r\000e\000n\000c\000e}{chapter.5}% 134
\BOOKMARK [2][-]{subsection.5.9.1}{\376\377\0005\000.\0009\000.\0001\000\040\000D\000e\000t\000a\000i\000l\000e\000d\000\040\000D\000e\000s\000c\000r\000i\000p\000t\000i\000o\000n}{section.5.9}% 135
\BOOKMARK [2][-]{subsection.5.9.2}{\376\377\0005\000.\0009\000.\0002\000\040\000C\000o\000n\000s\000t\000r\000u\000c\000t\000o\000r\000\040\000\046\000\040\000D\000e\000s\000t\000r\000u\000c\000t\000o\000r\000\040\000D\000o\000c\000u\000m\000e\000n\000t\000a\000t\000i\000o\000n}{section.5.9}% 136
\BOOKMARK [3][-]{subsubsection.5.9.2.1}{\376\377\0005\000.\0009\000.\0002\000.\0001\000\040\000H\000i\000s\000t\0002\000D\000\050\000\051}{subsection.5.9.2}% 137
\BOOKMARK [3][-]{subsubsection.5.9.2.2}{\376\377\0005\000.\0009\000.\0002\000.\0002\000\040\000\040\000H\000i\000s\000t\0002\000D\000\050\000\051}{subsection.5.9.2}% 138
\BOOKMARK [2][-]{subsection.5.9.3}{\376\377\0005\000.\0009\000.\0003\000\040\000M\000e\000m\000b\000e\000r\000\040\000F\000u\000n\000c\000t\000i\000o\000n\000\040\000D\000o\000c\000u\000m\000e\000n\000t\000a\000t\000i\000o\000n}{section.5.9}% 139
\BOOKMARK [3][-]{subsubsection.5.9.3.1}{\376\377\0005\000.\0009\000.\0003\000.\0001\000\040\000c\000l\000o\000n\000e\000\050\000\051}{subsection.5.9.3}% 140
\BOOKMARK [3][-]{subsubsection.5.9.3.2}{\376\377\0005\000.\0009\000.\0003\000.\0002\000\040\000f\000i\000l\000l\000\050\000\051}{subsection.5.9.3}% 141
\BOOKMARK [3][-]{subsubsection.5.9.3.3}{\376\377\0005\000.\0009\000.\0003\000.\0003\000\040\000w\000r\000i\000t\000e\000\050\000\051}{subsection.5.9.3}% 142
\BOOKMARK [2][-]{subsection.5.9.4}{\376\377\0005\000.\0009\000.\0004\000\040\000M\000e\000m\000b\000e\000r\000\040\000D\000a\000t\000a\000\040\000D\000o\000c\000u\000m\000e\000n\000t\000a\000t\000i\000o\000n}{section.5.9}% 143
\BOOKMARK [3][-]{subsubsection.5.9.4.1}{\376\377\0005\000.\0009\000.\0004\000.\0001\000\040\000n\000a\000m\000e}{subsection.5.9.4}% 144
\BOOKMARK [1][-]{section.5.10}{\376\377\0005\000.\0001\0000\000\040\000H\000i\000s\000t\000f\000l\000o\000w\000\040\000C\000l\000a\000s\000s\000\040\000R\000e\000f\000e\000r\000e\000n\000c\000e}{chapter.5}% 145
\BOOKMARK [2][-]{subsection.5.10.1}{\376\377\0005\000.\0001\0000\000.\0001\000\040\000D\000e\000t\000a\000i\000l\000e\000d\000\040\000D\000e\000s\000c\000r\000i\000p\000t\000i\000o\000n}{section.5.10}% 146
\BOOKMARK [2][-]{subsection.5.10.2}{\376\377\0005\000.\0001\0000\000.\0002\000\040\000C\000o\000n\000s\000t\000r\000u\000c\000t\000o\000r\000\040\000\046\000\040\000D\000e\000s\000t\000r\000u\000c\000t\000o\000r\000\040\000D\000o\000c\000u\000m\000e\000n\000t\000a\000t\000i\000o\000n}{section.5.10}% 147
\BOOKMARK [3][-]{subsubsection.5.10.2.1}{\376\377\0005\000.\0001\0000\000.\0002\000.\0001\000\040\000H\000i\000s\000t\000f\000l\000o\000w\000\050\000\051}{subsection.5.10.2}% 148
\BOOKMARK [3][-]{subsubsection.5.10.2.2}{\376\377\0005\000.\0001\0000\000.\0002\000.\0002\000\040\000\040\000H\000i\000s\000t\000f\000l\000o\000w\000\050\000\051}{subsection.5.10.2}% 149
\BOOKMARK [2][-]{subsection.5.10.3}{\376\377\0005\000.\0001\0000\000.\0003\000\040\000M\000e\000m\000b\000e\000r\000\040\000F\000u\000n\000c\000t\000i\000o\000n\000\040\000D\000o\000c\000u\000m\000e\000n\000t\000a\000t\000i\000o\000n}{section.5.10}% 150
\BOOKMARK [3][-]{subsubsection.5.10.3.1}{\376\377\0005\000.\0001\0000\000.\0003\000.\0001\000\040\000b\000o\000o\000k\000H\000i\000s\000t\0001\000D\000\050\000\051\000\040\000[\0001\000/\0002\000]}{subsection.5.10.3}% 151
\BOOKMARK [3][-]{subsubsection.5.10.3.2}{\376\377\0005\000.\0001\0000\000.\0003\000.\0002\000\040\000b\000o\000o\000k\000H\000i\000s\000t\0001\000D\000\050\000\051\000\040\000[\0002\000/\0002\000]}{subsection.5.10.3}% 152
\BOOKMARK [3][-]{subsubsection.5.10.3.3}{\376\377\0005\000.\0001\0000\000.\0003\000.\0003\000\040\000b\000o\000o\000k\000H\000i\000s\000t\0002\000D\000\050\000\051\000\040\000[\0001\000/\0002\000]}{subsection.5.10.3}% 153
\BOOKMARK [3][-]{subsubsection.5.10.3.4}{\376\377\0005\000.\0001\0000\000.\0003\000.\0004\000\040\000b\000o\000o\000k\000H\000i\000s\000t\0002\000D\000\050\000\051\000\040\000[\0002\000/\0002\000]}{subsection.5.10.3}% 154
\BOOKMARK [3][-]{subsubsection.5.10.3.5}{\376\377\0005\000.\0001\0000\000.\0003\000.\0005\000\040\000r\000e\000c\000u\000r\000s\000i\000v\000e\000E\000v\000a\000l\000u\000a\000t\000e\000\050\000\051}{subsection.5.10.3}% 155
\BOOKMARK [3][-]{subsubsection.5.10.3.6}{\376\377\0005\000.\0001\0000\000.\0003\000.\0006\000\040\000r\000u\000n\000\050\000\051}{subsection.5.10.3}% 156
\BOOKMARK [3][-]{subsubsection.5.10.3.7}{\376\377\0005\000.\0001\0000\000.\0003\000.\0007\000\040\000w\000r\000i\000t\000e\000H\000i\000s\000t\000s\000\050\000\051}{subsection.5.10.3}% 157
\BOOKMARK [2][-]{subsection.5.10.4}{\376\377\0005\000.\0001\0000\000.\0004\000\040\000M\000e\000m\000b\000e\000r\000\040\000D\000a\000t\000a\000\040\000D\000o\000c\000u\000m\000e\000n\000t\000a\000t\000i\000o\000n}{section.5.10}% 158
\BOOKMARK [3][-]{subsubsection.5.10.4.1}{\376\377\0005\000.\0001\0000\000.\0004\000.\0001\000\040\000f\000i\000l\000l\000\137\000s\000c\000h\000e\000d\000u\000l\000e}{subsection.5.10.4}% 159
\BOOKMARK [3][-]{subsubsection.5.10.4.2}{\376\377\0005\000.\0001\0000\000.\0004\000.\0002\000\040\000h\000i\000s\000t\000\137\000w\000r\000i\000t\000e\000r\000s}{subsection.5.10.4}% 160
\BOOKMARK [1][-]{section.5.11}{\376\377\0005\000.\0001\0001\000\040\000L\000o\000o\000p\000e\000r\000\040\000C\000l\000a\000s\000s\000\040\000R\000e\000f\000e\000r\000e\000n\000c\000e}{chapter.5}% 161
\BOOKMARK [2][-]{subsection.5.11.1}{\376\377\0005\000.\0001\0001\000.\0001\000\040\000D\000e\000t\000a\000i\000l\000e\000d\000\040\000D\000e\000s\000c\000r\000i\000p\000t\000i\000o\000n}{section.5.11}% 162
\BOOKMARK [2][-]{subsection.5.11.2}{\376\377\0005\000.\0001\0001\000.\0002\000\040\000C\000o\000n\000s\000t\000r\000u\000c\000t\000o\000r\000\040\000\046\000\040\000D\000e\000s\000t\000r\000u\000c\000t\000o\000r\000\040\000D\000o\000c\000u\000m\000e\000n\000t\000a\000t\000i\000o\000n}{section.5.11}% 163
\BOOKMARK [3][-]{subsubsection.5.11.2.1}{\376\377\0005\000.\0001\0001\000.\0002\000.\0001\000\040\000L\000o\000o\000p\000e\000r\000\050\000\051\000\040\000[\0001\000/\0002\000]}{subsection.5.11.2}% 164
\BOOKMARK [3][-]{subsubsection.5.11.2.2}{\376\377\0005\000.\0001\0001\000.\0002\000.\0002\000\040\000L\000o\000o\000p\000e\000r\000\050\000\051\000\040\000[\0002\000/\0002\000]}{subsection.5.11.2}% 165
\BOOKMARK [3][-]{subsubsection.5.11.2.3}{\376\377\0005\000.\0001\0001\000.\0002\000.\0003\000\040\000\040\000L\000o\000o\000p\000e\000r\000\050\000\051}{subsection.5.11.2}% 166
\BOOKMARK [2][-]{subsection.5.11.3}{\376\377\0005\000.\0001\0001\000.\0003\000\040\000M\000e\000m\000b\000e\000r\000\040\000F\000u\000n\000c\000t\000i\000o\000n\000\040\000D\000o\000c\000u\000m\000e\000n\000t\000a\000t\000i\000o\000n}{section.5.11}% 167
\BOOKMARK [3][-]{subsubsection.5.11.3.1}{\376\377\0005\000.\0001\0001\000.\0003\000.\0001\000\040\000r\000u\000n\000\050\000\051}{subsection.5.11.3}% 168
\BOOKMARK [2][-]{subsection.5.11.4}{\376\377\0005\000.\0001\0001\000.\0004\000\040\000M\000e\000m\000b\000e\000r\000\040\000D\000a\000t\000a\000\040\000D\000o\000c\000u\000m\000e\000n\000t\000a\000t\000i\000o\000n}{section.5.11}% 169
\BOOKMARK [3][-]{subsubsection.5.11.4.1}{\376\377\0005\000.\0001\0001\000.\0004\000.\0001\000\040\000c\000u\000r\000r\000e\000n\000t\000\137\000e\000n\000t\000r\000y}{subsection.5.11.4}% 170
\BOOKMARK [3][-]{subsubsection.5.11.4.2}{\376\377\0005\000.\0001\0001\000.\0004\000.\0002\000\040\000n\000\137\000e\000v\000e\000n\000t\000s\000\137\000p\000r\000o\000c\000e\000s\000s\000e\000d}{subsection.5.11.4}% 171
\BOOKMARK [3][-]{subsubsection.5.11.4.3}{\376\377\0005\000.\0001\0001\000.\0004\000.\0003\000\040\000n\000\137\000e\000v\000e\000n\000t\000s\000\137\000t\000o\000\137\000p\000r\000o\000c\000e\000s\000s}{subsection.5.11.4}% 172
\BOOKMARK [1][-]{section.5.12}{\376\377\0005\000.\0001\0002\000\040\000U\000t\000i\000l\000i\000t\000i\000e\000s\000:\000:\000V\000a\000r\000i\000a\000b\000l\000e\000<\000\040\000T\000y\000p\000e\000\040\000>\000\040\000C\000l\000a\000s\000s\000\040\000T\000e\000m\000p\000l\000a\000t\000e\000\040\000R\000e\000f\000e\000r\000e\000n\000c\000e}{chapter.5}% 173
\BOOKMARK [2][-]{subsection.5.12.1}{\376\377\0005\000.\0001\0002\000.\0001\000\040\000D\000e\000t\000a\000i\000l\000e\000d\000\040\000D\000e\000s\000c\000r\000i\000p\000t\000i\000o\000n}{section.5.12}% 174
\BOOKMARK [2][-]{subsection.5.12.2}{\376\377\0005\000.\0001\0002\000.\0002\000\040\000C\000o\000n\000s\000t\000r\000u\000c\000t\000o\000r\000\040\000\046\000\040\000D\000e\000s\000t\000r\000u\000c\000t\000o\000r\000\040\000D\000o\000c\000u\000m\000e\000n\000t\000a\000t\000i\000o\000n}{section.5.12}% 175
\BOOKMARK [3][-]{subsubsection.5.12.2.1}{\376\377\0005\000.\0001\0002\000.\0002\000.\0001\000\040\000V\000a\000r\000i\000a\000b\000l\000e\000\050\000\051\000\040\000[\0001\000/\0002\000]}{subsection.5.12.2}% 176
\BOOKMARK [3][-]{subsubsection.5.12.2.2}{\376\377\0005\000.\0001\0002\000.\0002\000.\0002\000\040\000V\000a\000r\000i\000a\000b\000l\000e\000\050\000\051\000\040\000[\0002\000/\0002\000]}{subsection.5.12.2}% 177
\BOOKMARK [3][-]{subsubsection.5.12.2.3}{\376\377\0005\000.\0001\0002\000.\0002\000.\0003\000\040\000\040\000V\000a\000r\000i\000a\000b\000l\000e\000\050\000\051}{subsection.5.12.2}% 178
\BOOKMARK [2][-]{subsection.5.12.3}{\376\377\0005\000.\0001\0002\000.\0003\000\040\000M\000e\000m\000b\000e\000r\000\040\000F\000u\000n\000c\000t\000i\000o\000n\000\040\000D\000o\000c\000u\000m\000e\000n\000t\000a\000t\000i\000o\000n}{section.5.12}% 179
\BOOKMARK [3][-]{subsubsection.5.12.3.1}{\376\377\0005\000.\0001\0002\000.\0003\000.\0001\000\040\000g\000e\000t\000R\000e\000f\000e\000r\000e\000n\000c\000e\000\050\000\051}{subsection.5.12.3}% 180
\BOOKMARK [3][-]{subsubsection.5.12.3.2}{\376\377\0005\000.\0001\0002\000.\0003\000.\0002\000\040\000g\000e\000t\000V\000a\000l\000u\000e\000\050\000\051}{subsection.5.12.3}% 181
\BOOKMARK [3][-]{subsubsection.5.12.3.3}{\376\377\0005\000.\0001\0002\000.\0003\000.\0003\000\040\000r\000e\000s\000e\000t\000V\000a\000l\000u\000e\000\050\000\051}{subsection.5.12.3}% 182
\BOOKMARK [3][-]{subsubsection.5.12.3.4}{\376\377\0005\000.\0001\0002\000.\0003\000.\0004\000\040\000s\000e\000t\000R\000e\000s\000e\000t\000V\000a\000l\000u\000e\000\050\000\051}{subsection.5.12.3}% 183
\BOOKMARK [3][-]{subsubsection.5.12.3.5}{\376\377\0005\000.\0001\0002\000.\0003\000.\0005\000\040\000s\000e\000t\000V\000a\000l\000u\000e\000\050\000\051}{subsection.5.12.3}% 184
\BOOKMARK [2][-]{subsection.5.12.4}{\376\377\0005\000.\0001\0002\000.\0004\000\040\000M\000e\000m\000b\000e\000r\000\040\000D\000a\000t\000a\000\040\000D\000o\000c\000u\000m\000e\000n\000t\000a\000t\000i\000o\000n}{section.5.12}% 185
\BOOKMARK [3][-]{subsubsection.5.12.4.1}{\376\377\0005\000.\0001\0002\000.\0004\000.\0001\000\040\000r\000e\000s\000e\000t\000\137\000v\000a\000l\000u\000e}{subsection.5.12.4}% 186
\BOOKMARK [3][-]{subsubsection.5.12.4.2}{\376\377\0005\000.\0001\0002\000.\0004\000.\0002\000\040\000v\000a\000l\000u\000e}{subsection.5.12.4}% 187
\BOOKMARK [1][-]{section.5.13}{\376\377\0005\000.\0001\0003\000\040\000U\000t\000i\000l\000i\000t\000i\000e\000s\000:\000:\000V\000a\000r\000i\000a\000b\000l\000e\000s\000\040\000C\000l\000a\000s\000s\000\040\000R\000e\000f\000e\000r\000e\000n\000c\000e}{chapter.5}% 188
\BOOKMARK [2][-]{subsection.5.13.1}{\376\377\0005\000.\0001\0003\000.\0001\000\040\000D\000e\000t\000a\000i\000l\000e\000d\000\040\000D\000e\000s\000c\000r\000i\000p\000t\000i\000o\000n}{section.5.13}% 189
\BOOKMARK [2][-]{subsection.5.13.2}{\376\377\0005\000.\0001\0003\000.\0002\000\040\000C\000o\000n\000s\000t\000r\000u\000c\000t\000o\000r\000\040\000\046\000\040\000D\000e\000s\000t\000r\000u\000c\000t\000o\000r\000\040\000D\000o\000c\000u\000m\000e\000n\000t\000a\000t\000i\000o\000n}{section.5.13}% 190
\BOOKMARK [3][-]{subsubsection.5.13.2.1}{\376\377\0005\000.\0001\0003\000.\0002\000.\0001\000\040\000V\000a\000r\000i\000a\000b\000l\000e\000s\000\050\000\051}{subsection.5.13.2}% 191
\BOOKMARK [3][-]{subsubsection.5.13.2.2}{\376\377\0005\000.\0001\0003\000.\0002\000.\0002\000\040\000\040\000V\000a\000r\000i\000a\000b\000l\000e\000s\000\050\000\051}{subsection.5.13.2}% 192
\BOOKMARK [2][-]{subsection.5.13.3}{\376\377\0005\000.\0001\0003\000.\0003\000\040\000M\000e\000m\000b\000e\000r\000\040\000F\000u\000n\000c\000t\000i\000o\000n\000\040\000D\000o\000c\000u\000m\000e\000n\000t\000a\000t\000i\000o\000n}{section.5.13}% 193
\BOOKMARK [3][-]{subsubsection.5.13.3.1}{\376\377\0005\000.\0001\0003\000.\0003\000.\0001\000\040\000g\000e\000t\000R\000e\000f\000\050\000\051}{subsection.5.13.3}% 194
\BOOKMARK [3][-]{subsubsection.5.13.3.2}{\376\377\0005\000.\0001\0003\000.\0003\000.\0002\000\040\000g\000e\000t\000V\000a\000l\000\050\000\051}{subsection.5.13.3}% 195
\BOOKMARK [3][-]{subsubsection.5.13.3.3}{\376\377\0005\000.\0001\0003\000.\0003\000.\0003\000\040\000g\000e\000t\000V\000a\000r\000\050\000\051}{subsection.5.13.3}% 196
\BOOKMARK [3][-]{subsubsection.5.13.3.4}{\376\377\0005\000.\0001\0003\000.\0003\000.\0004\000\040\000n\000e\000w\000V\000a\000r\000\050\000\051\000\040\000[\0001\000/\0002\000]}{subsection.5.13.3}% 197
\BOOKMARK [3][-]{subsubsection.5.13.3.5}{\376\377\0005\000.\0001\0003\000.\0003\000.\0005\000\040\000n\000e\000w\000V\000a\000r\000\050\000\051\000\040\000[\0002\000/\0002\000]}{subsection.5.13.3}% 198
\BOOKMARK [3][-]{subsubsection.5.13.3.6}{\376\377\0005\000.\0001\0003\000.\0003\000.\0006\000\040\000r\000e\000s\000e\000t\000V\000a\000l\000\050\000\051}{subsection.5.13.3}% 199
\BOOKMARK [3][-]{subsubsection.5.13.3.7}{\376\377\0005\000.\0001\0003\000.\0003\000.\0007\000\040\000r\000e\000s\000e\000t\000V\000a\000r\000s\000\050\000\051}{subsection.5.13.3}% 200
\BOOKMARK [3][-]{subsubsection.5.13.3.8}{\376\377\0005\000.\0001\0003\000.\0003\000.\0008\000\040\000s\000e\000t\000V\000a\000l\000\050\000\051}{subsection.5.13.3}% 201
\BOOKMARK [2][-]{subsection.5.13.4}{\376\377\0005\000.\0001\0003\000.\0004\000\040\000M\000e\000m\000b\000e\000r\000\040\000D\000a\000t\000a\000\040\000D\000o\000c\000u\000m\000e\000n\000t\000a\000t\000i\000o\000n}{section.5.13}% 202
\BOOKMARK [3][-]{subsubsection.5.13.4.1}{\376\377\0005\000.\0001\0003\000.\0004\000.\0001\000\040\000r\000e\000s\000e\000t\000t\000e\000r\000s}{subsection.5.13.4}% 203
\BOOKMARK [3][-]{subsubsection.5.13.4.2}{\376\377\0005\000.\0001\0003\000.\0004\000.\0002\000\040\000v\000a\000r\000i\000a\000b\000l\000e\000s}{subsection.5.13.4}% 204
\BOOKMARK [0][-]{chapter.6}{\376\377\0006\000\040\000F\000i\000l\000e\000\040\000D\000o\000c\000u\000m\000e\000n\000t\000a\000t\000i\000o\000n}{}% 205
\BOOKMARK [1][-]{section.6.1}{\376\377\0006\000.\0001\000\040\000a\000r\000b\000o\000l\000.\000h}{chapter.6}% 206
\BOOKMARK [1][-]{section.6.2}{\376\377\0006\000.\0002\000\040\000c\000u\000t\000f\000l\000o\000w\000.\000h}{chapter.6}% 207
\BOOKMARK [1][-]{section.6.3}{\376\377\0006\000.\0003\000\040\000h\000i\000s\000t\000f\000l\000o\000w\000.\000h}{chapter.6}% 208
\BOOKMARK [1][-]{section.6.4}{\376\377\0006\000.\0004\000\040\000l\000o\000o\000p\000e\000r\000.\000h}{chapter.6}% 209
\BOOKMARK [1][-]{section.6.5}{\376\377\0006\000.\0005\000\040\000u\000t\000i\000l\000i\000t\000i\000e\000s\000.\000h}{chapter.6}% 210
\BOOKMARK [0][-]{section*.44}{\376\377\000I\000n\000d\000e\000x}{}% 211
